WARNING : Using CLI version 2.29.1 but project's `requirements.txt`
WARNING : is configured to use 2.27.0. Consider either installing
WARNING : CLI version 2.27.0 or running `pretext update`
WARNING : to update `requirements.txt` and other managed files to match 2.29.1.
INFO    : Building target print
INFO    : messages from the log for XSL processing:
WARNING : * PTX:WARNING: The "oscarlevin" style requested in publication/html/css is deprecated. Your book will be built with theme="denver". See the PreTeXt Guide for options for the newer HTML themes and their specification .
INFO    : Generating any needed assets.
INFO    : Finished generating assets.

INFO    : Building with custom xsl C:\Users\e\Documents\git-local\algebra-book\xsl\dmoi-latex.xsl
INFO    : Preparing to build into C:\Users\e\Documents\git-local\algebra-book\output\print.
INFO    : discovering source file's directory name: C:\Users\e\Documents\git-local\algebra-book\source
INFO    : verifying and expanding input directory: C:\Users\e\Documents\git-local\algebra-book\source\../generated-assets/print
INFO    : input directory expanded to absolute path: C:\Users\e\Documents\git-local\algebra-book\generated-assets\print
INFO    : verifying and expanding input directory: C:\Users\e\Documents\git-local\algebra-book\source\../assets
INFO    : input directory expanded to absolute path: C:\Users\e\Documents\git-local\algebra-book\assets
INFO    : XSL conversion of C:\Users\e\Documents\git-local\algebra-book\source\dmoi.ptx by C:\Users\e\.ptx\2.29.1\core\xsl\utilities\report-publisher-variables.xsl
INFO    : successful application of C:\Users\e\.ptx\2.29.1\core\xsl\utilities\report-publisher-variables.xsl
INFO    : converting C:\Users\e\Documents\git-local\algebra-book\source\dmoi.ptx to LaTeX as C:\Users\e\AppData\Local\Temp\ptx-1i_jlvai\dmoi.tex
INFO    : XSL conversion of C:\Users\e\Documents\git-local\algebra-book\source\dmoi.ptx by C:\Users\e\AppData\Local\Temp\ptxcli_qjq2g21l\cli_xsl\dmoi-latex.xsl
INFO    : * PTX:INFO:   checking all deprecated elements.
WARNING : * PTX:DEPRECATE: (2024-10-08) elements previously included in a "titlepage" element inside the "frontmatter" (author, editor, credit, date, and event) should now be placed in "frontmatter/bibinfo".  To ensure a title page is created, put only the empty element "titlepage-items" inside "titlepage".  Until you move these elements, we will try to honor your intent. (1 time)
INFO    : *              located within: "frontmatter" (xml:id)
INFO    : * --------------
WARNING : * PTX:DEPRECATE: (2024-10-08) elements previously included in a "colophon" element inside the "frontmatter" (credit, copyright, edition, and website) should now be placed in "frontmatter/bibinfo". To produce a "colophon", include only the empty element "colophon-items" inside "colophon" Until you move these elements, we will try to honor your intent. (1 time)
WARNING : * PTX:DEPRECATE: (2021-02-14) the  debug.chapter.start  parameter has been removed entirely and so will be ignored.  Please switch to using the Publishers File for configuration, as documented in the PreTeXt Guide.
WARNING : * PTX:DEPRECATE: (2024-07-12) the html/css/@style publication file entry has been deprecated for replacement by @theme. See the Guide for theme options.
INFO    : successful application of C:\Users\e\AppData\Local\Temp\ptxcli_qjq2g21l\cli_xsl\dmoi-latex.xsl
INFO    : Removing temporary directory C:\Users\e\AppData\Local\Temp\ptx-1i_jlvai
INFO    : Removing temporary directory C:\Users\e\AppData\Local\Temp\ptx-z3sthmuv
INFO    : Removing temporary directory C:\Users\e\AppData\Local\Temp\ptx-0mnvhoyv
INFO    : 
Finished build for target print. The output is in C:\Users\e\Documents\git-local\algebra-book\output\print.

INFO    : 
Success!  Built requested target(s) without errors.

INFO    : 
