WARNING : Using CLI version 2.29.1 but project's `requirements.txt`
WARNING : is configured to use 2.27.0. Consider either installing
WARNING : CLI version 2.27.0 or running `pretext update`
WARNING : to update `requirements.txt` and other managed files to match 2.29.1.
INFO    : Building target print
INFO    : messages from the log for XSL processing:
WARNING : * PTX:WARNING: The "oscarlevin" style requested in publication/html/css is deprecated. Your book will be built with theme="denver". See the PreTeXt Guide for options for the newer HTML themes and their specification .
INFO    : Generating any needed assets.
INFO    : Finished generating assets.

INFO    : Building with custom xsl C:\Users\e\Documents\git-local\algebra-book\xsl\dmoi-latex.xsl
INFO    : Preparing to build into C:\Users\e\Documents\git-local\algebra-book\output\print.
INFO    : discovering source file's directory name: C:\Users\e\Documents\git-local\algebra-book\source
INFO    : verifying and expanding input directory: C:\Users\e\Documents\git-local\algebra-book\source\../generated-assets/print
INFO    : input directory expanded to absolute path: C:\Users\e\Documents\git-local\algebra-book\generated-assets\print
INFO    : verifying and expanding input directory: C:\Users\e\Documents\git-local\algebra-book\source\../assets
INFO    : input directory expanded to absolute path: C:\Users\e\Documents\git-local\algebra-book\assets
INFO    : XSL conversion of C:\Users\e\Documents\git-local\algebra-book\source\dmoi.ptx by C:\Users\e\.ptx\2.29.1\core\xsl\utilities\report-publisher-variables.xsl
INFO    : successful application of C:\Users\e\.ptx\2.29.1\core\xsl\utilities\report-publisher-variables.xsl
INFO    : converting C:\Users\e\Documents\git-local\algebra-book\source\dmoi.ptx to LaTeX as C:\Users\e\AppData\Local\Temp\ptx-1oeaoqer\dmoi.tex
INFO    : XSL conversion of C:\Users\e\Documents\git-local\algebra-book\source\dmoi.ptx by C:\Users\e\AppData\Local\Temp\ptxcli_drzluipj\cli_xsl\dmoi-latex.xsl
ERROR   : * PTX:ERROR: the @xml:id value "sec-section-name" should be unique, but is authored multiple times.
INFO    : *            Results will be unpredictable, and likely incorrect.  Information on the locations follows:
INFO    : *              located within: "sec-section-name" (xml:id), "Section Title" (title)
INFO    : * PTX:INFO:   checking all deprecated elements.
WARNING : * PTX:DEPRECATE: (2024-10-08) elements previously included in a "titlepage" element inside the "frontmatter" (author, editor, credit, date, and event) should now be placed in "frontmatter/bibinfo".  To ensure a title page is created, put only the empty element "titlepage-items" inside "titlepage".  Until you move these elements, we will try to honor your intent. (1 time)
INFO    : *              located within: "frontmatter" (xml:id)
INFO    : * --------------
WARNING : * PTX:DEPRECATE: (2024-10-08) elements previously included in a "colophon" element inside the "frontmatter" (credit, copyright, edition, and website) should now be placed in "frontmatter/bibinfo". To produce a "colophon", include only the empty element "colophon-items" inside "colophon" Until you move these elements, we will try to honor your intent. (1 time)
WARNING : * PTX:DEPRECATE: (2024-07-12) the html/css/@style publication file entry has been deprecated for replacement by @theme. See the Guide for theme options.
ERROR   : * PTX:ERROR:   a cross-reference ("xref") uses references [ch_sequences] that do not point to any target, or perhaps point to multiple targets.  Maybe you typed an @xml:id value wrong, maybe the target of the @xml:id is nonexistent, or maybe you temporarily removed the target from your source, or maybe an auxiliary file contains a duplicate.  Your output will contain some placeholder text that you will not want to distribute to your readers.
INFO    : *              located within: "subsec_structures-sequences" (xml:id), "Sequences" (title)
ERROR   : * PTX:ERROR:   a cross-reference ("xref") uses references [ch_graphtheory] that do not point to any target, or perhaps point to multiple targets.  Maybe you typed an @xml:id value wrong, maybe the target of the @xml:id is nonexistent, or maybe you temporarily removed the target from your source, or maybe an auxiliary file contains a duplicate.  Your output will contain some placeholder text that you will not want to distribute to your readers.
INFO    : *              located within: "subsec_structures-graphs" (xml:id), "Graphs" (title)
INFO    : successful application of C:\Users\e\AppData\Local\Temp\ptxcli_drzluipj\cli_xsl\dmoi-latex.xsl
CRITICAL: [WinError 2] The system cannot find the file specified
INFO    : ------------------------
CRITICAL: Failed to build without errors.  Exiting...
INFO    : 
----------------------------------------------------
INFO    : While running pretext, the following errors occurred:

INFO    : (see log messages above or in the 'logs' folder for more information)
INFO    : ----------------------------------------------------
