WARNING : Using CLI version 2.29.1 but project's `requirements.txt`
WARNING : is configured to use 2.27.0. Consider either installing
WARNING : CLI version 2.27.0 or running `pretext update`
WARNING : to update `requirements.txt` and other managed files to match 2.29.1.
INFO    : Building target print
INFO    : XSL conversion of /Users/ekim/Documents/git-local/algebra-book/source/dmoi.ptx by /Users/ekim/.ptx/2.29.1/core/xsl/utilities/pretext-enhanced-source.xsl
INFO    : messages from the log for XSL processing:
WARNING : * PTX:WARNING: The "oscarlevin" style requested in publication/html/css is deprecated. Your book will be built with theme="denver". See the PreTeXt Guide for options for the newer HTML themes and their specification .
INFO    : successful application of /Users/ekim/.ptx/2.29.1/core/xsl/utilities/pretext-enhanced-source.xsl
INFO    : Generating any needed assets.
INFO    : XSL conversion of /Users/ekim/Documents/git-local/algebra-book/source/dmoi.ptx by /Users/ekim/.ptx/2.29.1/core/xsl/utilities/pretext-enhanced-source.xsl
INFO    : messages from the log for XSL processing:
WARNING : * PTX:WARNING: The "oscarlevin" style requested in publication/html/css is deprecated. Your book will be built with theme="denver". See the PreTeXt Guide for options for the newer HTML themes and their specification .
INFO    : successful application of /Users/ekim/.ptx/2.29.1/core/xsl/utilities/pretext-enhanced-source.xsl
INFO    : XSL conversion of /Users/ekim/Documents/git-local/algebra-book/source/dmoi.ptx by /Users/ekim/.ptx/2.29.1/core/xsl/utilities/pretext-enhanced-source.xsl
INFO    : messages from the log for XSL processing:
WARNING : * PTX:WARNING: The "oscarlevin" style requested in publication/html/css is deprecated. Your book will be built with theme="denver". See the PreTeXt Guide for options for the newer HTML themes and their specification .
INFO    : successful application of /Users/ekim/.ptx/2.29.1/core/xsl/utilities/pretext-enhanced-source.xsl
INFO    : XSL conversion of /Users/ekim/Documents/git-local/algebra-book/source/dmoi.ptx by /Users/ekim/.ptx/2.29.1/core/xsl/utilities/pretext-enhanced-source.xsl
INFO    : messages from the log for XSL processing:
WARNING : * PTX:WARNING: The "oscarlevin" style requested in publication/html/css is deprecated. Your book will be built with theme="denver". See the PreTeXt Guide for options for the newer HTML themes and their specification .
INFO    : successful application of /Users/ekim/.ptx/2.29.1/core/xsl/utilities/pretext-enhanced-source.xsl
INFO    : XSL conversion of /Users/ekim/Documents/git-local/algebra-book/source/dmoi.ptx by /Users/ekim/.ptx/2.29.1/core/xsl/utilities/pretext-enhanced-source.xsl
INFO    : messages from the log for XSL processing:
WARNING : * PTX:WARNING: The "oscarlevin" style requested in publication/html/css is deprecated. Your book will be built with theme="denver". See the PreTeXt Guide for options for the newer HTML themes and their specification .
INFO    : successful application of /Users/ekim/.ptx/2.29.1/core/xsl/utilities/pretext-enhanced-source.xsl
INFO    : XSL conversion of /Users/ekim/Documents/git-local/algebra-book/source/dmoi.ptx by /Users/ekim/.ptx/2.29.1/core/xsl/utilities/pretext-enhanced-source.xsl
INFO    : messages from the log for XSL processing:
WARNING : * PTX:WARNING: The "oscarlevin" style requested in publication/html/css is deprecated. Your book will be built with theme="denver". See the PreTeXt Guide for options for the newer HTML themes and their specification .
INFO    : successful application of /Users/ekim/.ptx/2.29.1/core/xsl/utilities/pretext-enhanced-source.xsl
INFO    : XSL conversion of /Users/ekim/Documents/git-local/algebra-book/source/dmoi.ptx by /Users/ekim/.ptx/2.29.1/core/xsl/utilities/pretext-enhanced-source.xsl
INFO    : messages from the log for XSL processing:
WARNING : * PTX:WARNING: The "oscarlevin" style requested in publication/html/css is deprecated. Your book will be built with theme="denver". See the PreTeXt Guide for options for the newer HTML themes and their specification .
INFO    : successful application of /Users/ekim/.ptx/2.29.1/core/xsl/utilities/pretext-enhanced-source.xsl
INFO    : XSL conversion of /Users/ekim/Documents/git-local/algebra-book/source/dmoi.ptx by /Users/ekim/.ptx/2.29.1/core/xsl/utilities/pretext-enhanced-source.xsl
INFO    : messages from the log for XSL processing:
WARNING : * PTX:WARNING: The "oscarlevin" style requested in publication/html/css is deprecated. Your book will be built with theme="denver". See the PreTeXt Guide for options for the newer HTML themes and their specification .
INFO    : successful application of /Users/ekim/.ptx/2.29.1/core/xsl/utilities/pretext-enhanced-source.xsl
INFO    : XSL conversion of /Users/ekim/Documents/git-local/algebra-book/source/dmoi.ptx by /Users/ekim/.ptx/2.29.1/core/xsl/utilities/pretext-enhanced-source.xsl
INFO    : messages from the log for XSL processing:
WARNING : * PTX:WARNING: The "oscarlevin" style requested in publication/html/css is deprecated. Your book will be built with theme="denver". See the PreTeXt Guide for options for the newer HTML themes and their specification .
INFO    : successful application of /Users/ekim/.ptx/2.29.1/core/xsl/utilities/pretext-enhanced-source.xsl
INFO    : XSL conversion of /Users/ekim/Documents/git-local/algebra-book/source/dmoi.ptx by /Users/ekim/.ptx/2.29.1/core/xsl/utilities/pretext-enhanced-source.xsl
INFO    : messages from the log for XSL processing:
WARNING : * PTX:WARNING: The "oscarlevin" style requested in publication/html/css is deprecated. Your book will be built with theme="denver". See the PreTeXt Guide for options for the newer HTML themes and their specification .
INFO    : successful application of /Users/ekim/.ptx/2.29.1/core/xsl/utilities/pretext-enhanced-source.xsl
INFO    : XSL conversion of /Users/ekim/Documents/git-local/algebra-book/source/dmoi.ptx by /Users/ekim/.ptx/2.29.1/core/xsl/utilities/pretext-enhanced-source.xsl
INFO    : messages from the log for XSL processing:
WARNING : * PTX:WARNING: The "oscarlevin" style requested in publication/html/css is deprecated. Your book will be built with theme="denver". See the PreTeXt Guide for options for the newer HTML themes and their specification .
INFO    : successful application of /Users/ekim/.ptx/2.29.1/core/xsl/utilities/pretext-enhanced-source.xsl
INFO    : XSL conversion of /Users/ekim/Documents/git-local/algebra-book/source/dmoi.ptx by /Users/ekim/.ptx/2.29.1/core/xsl/utilities/pretext-enhanced-source.xsl
INFO    : messages from the log for XSL processing:
WARNING : * PTX:WARNING: The "oscarlevin" style requested in publication/html/css is deprecated. Your book will be built with theme="denver". See the PreTeXt Guide for options for the newer HTML themes and their specification .
INFO    : successful application of /Users/ekim/.ptx/2.29.1/core/xsl/utilities/pretext-enhanced-source.xsl
INFO    : XSL conversion of /Users/ekim/Documents/git-local/algebra-book/source/dmoi.ptx by /Users/ekim/.ptx/2.29.1/core/xsl/utilities/pretext-enhanced-source.xsl
INFO    : messages from the log for XSL processing:
WARNING : * PTX:WARNING: The "oscarlevin" style requested in publication/html/css is deprecated. Your book will be built with theme="denver". See the PreTeXt Guide for options for the newer HTML themes and their specification .
INFO    : successful application of /Users/ekim/.ptx/2.29.1/core/xsl/utilities/pretext-enhanced-source.xsl
INFO    : XSL conversion of /Users/ekim/Documents/git-local/algebra-book/source/dmoi.ptx by /Users/ekim/.ptx/2.29.1/core/xsl/utilities/pretext-enhanced-source.xsl
INFO    : messages from the log for XSL processing:
WARNING : * PTX:WARNING: The "oscarlevin" style requested in publication/html/css is deprecated. Your book will be built with theme="denver". See the PreTeXt Guide for options for the newer HTML themes and their specification .
INFO    : successful application of /Users/ekim/.ptx/2.29.1/core/xsl/utilities/pretext-enhanced-source.xsl
INFO    : XSL conversion of /Users/ekim/Documents/git-local/algebra-book/source/dmoi.ptx by /Users/ekim/.ptx/2.29.1/core/xsl/utilities/pretext-enhanced-source.xsl
INFO    : messages from the log for XSL processing:
WARNING : * PTX:WARNING: The "oscarlevin" style requested in publication/html/css is deprecated. Your book will be built with theme="denver". See the PreTeXt Guide for options for the newer HTML themes and their specification .
INFO    : successful application of /Users/ekim/.ptx/2.29.1/core/xsl/utilities/pretext-enhanced-source.xsl
INFO    : XSL conversion of /Users/ekim/Documents/git-local/algebra-book/source/dmoi.ptx by /Users/ekim/.ptx/2.29.1/core/xsl/utilities/pretext-enhanced-source.xsl
INFO    : messages from the log for XSL processing:
WARNING : * PTX:WARNING: The "oscarlevin" style requested in publication/html/css is deprecated. Your book will be built with theme="denver". See the PreTeXt Guide for options for the newer HTML themes and their specification .
INFO    : successful application of /Users/ekim/.ptx/2.29.1/core/xsl/utilities/pretext-enhanced-source.xsl
INFO    : XSL conversion of /Users/ekim/Documents/git-local/algebra-book/source/dmoi.ptx by /Users/ekim/.ptx/2.29.1/core/xsl/utilities/pretext-enhanced-source.xsl
INFO    : messages from the log for XSL processing:
WARNING : * PTX:WARNING: The "oscarlevin" style requested in publication/html/css is deprecated. Your book will be built with theme="denver". See the PreTeXt Guide for options for the newer HTML themes and their specification .
INFO    : successful application of /Users/ekim/.ptx/2.29.1/core/xsl/utilities/pretext-enhanced-source.xsl
INFO    : XSL conversion of /Users/ekim/Documents/git-local/algebra-book/source/dmoi.ptx by /Users/ekim/.ptx/2.29.1/core/xsl/utilities/pretext-enhanced-source.xsl
INFO    : messages from the log for XSL processing:
WARNING : * PTX:WARNING: The "oscarlevin" style requested in publication/html/css is deprecated. Your book will be built with theme="denver". See the PreTeXt Guide for options for the newer HTML themes and their specification .
INFO    : successful application of /Users/ekim/.ptx/2.29.1/core/xsl/utilities/pretext-enhanced-source.xsl
INFO    : Finished generating assets.

INFO    : Building with custom xsl /Users/ekim/Documents/git-local/algebra-book/xsl/dmoi-latex.xsl
INFO    : Preparing to build into /Users/ekim/Documents/git-local/algebra-book/output/print.
INFO    : discovering source file's directory name: /Users/ekim/Documents/git-local/algebra-book/source
INFO    : verifying and expanding input directory: /Users/ekim/Documents/git-local/algebra-book/source/../generated-assets/print
INFO    : input directory expanded to absolute path: /Users/ekim/Documents/git-local/algebra-book/generated-assets/print
INFO    : verifying and expanding input directory: /Users/ekim/Documents/git-local/algebra-book/source/../assets
INFO    : input directory expanded to absolute path: /Users/ekim/Documents/git-local/algebra-book/assets
INFO    : discovering source file's directory name: /Users/ekim/Documents/git-local/algebra-book/source
INFO    : XSL conversion of /Users/ekim/Documents/git-local/algebra-book/source/dmoi.ptx by /Users/ekim/.ptx/2.29.1/core/xsl/utilities/report-publisher-variables.xsl
INFO    : messages from the log for XSL processing:
WARNING : * PTX:WARNING: The "oscarlevin" style requested in publication/html/css is deprecated. Your book will be built with theme="denver". See the PreTeXt Guide for options for the newer HTML themes and their specification .
INFO    : successful application of /Users/ekim/.ptx/2.29.1/core/xsl/utilities/report-publisher-variables.xsl
INFO    : converting /Users/ekim/Documents/git-local/algebra-book/source/dmoi.ptx to LaTeX as /var/folders/jp/0dzrwv_d0djg_3_d3wln0s6r6r1qz3/T/ptx-hofqmzkd/dmoi.tex
INFO    : XSL conversion of /Users/ekim/Documents/git-local/algebra-book/source/dmoi.ptx by /var/folders/jp/0dzrwv_d0djg_3_d3wln0s6r6r1qz3/T/ptxcli_w0bjg3wd/cli_xsl/dmoi-latex.xsl
INFO    : messages from the log for XSL processing:
WARNING : * PTX:WARNING: The "oscarlevin" style requested in publication/html/css is deprecated. Your book will be built with theme="denver". See the PreTeXt Guide for options for the newer HTML themes and their specification .
WARNING : * PTX:WARNING: In a section containing subsections, any content that is not inside a subsection needs to be inside an <introduction> and/or  <conclusion>.
INFO    : *              located within: "sec-operations" (xml:id), "Operations" (title)
INFO    : * PTX:INFO:   checking all deprecated elements.
WARNING : * PTX:DEPRECATE: (2017-11-09) an "assemblage" should not contain any items with a "caption".  You can instead place the content in a bare "sidebyside" (2 times)
INFO    : *              located within: "fig-a-plus-b" (xml:id)
INFO    : *              located within: "fig-a-times-b" (xml:id)
INFO    : * --------------
WARNING : * PTX:DEPRECATE: (2024-10-08) elements previously included in a "titlepage" element inside the "frontmatter" (author, editor, credit, date, and event) should now be placed in "frontmatter/bibinfo".  To ensure a title page is created, put only the empty element "titlepage-items" inside "titlepage".  Until you move these elements, we will try to honor your intent. (1 time)
INFO    : *              located within: "frontmatter" (xml:id)
INFO    : * --------------
WARNING : * PTX:DEPRECATE: (2024-10-08) elements previously included in a "colophon" element inside the "frontmatter" (credit, copyright, edition, and website) should now be placed in "frontmatter/bibinfo". To produce a "colophon", include only the empty element "colophon-items" inside "colophon" Until you move these elements, we will try to honor your intent. (1 time)
INFO    : *              located within: "frontmatter" (xml:id)
INFO    : * --------------
WARNING : * PTX:DEPRECATE: (2024-07-12) the html/css/@style publication file entry has been deprecated for replacement by @theme. See the Guide for theme options.
INFO    : * --------------
INFO    : successful application of /var/folders/jp/0dzrwv_d0djg_3_d3wln0s6r6r1qz3/T/ptxcli_w0bjg3wd/cli_xsl/dmoi-latex.xsl
INFO    : XSL conversion of /Users/ekim/Documents/git-local/algebra-book/source/dmoi.ptx by /Users/ekim/.ptx/2.29.1/core/xsl/utilities/report-publisher-variables.xsl
INFO    : messages from the log for XSL processing:
WARNING : * PTX:WARNING: The "oscarlevin" style requested in publication/html/css is deprecated. Your book will be built with theme="denver". See the PreTeXt Guide for options for the newer HTML themes and their specification .
INFO    : successful application of /Users/ekim/.ptx/2.29.1/core/xsl/utilities/report-publisher-variables.xsl
INFO    : Removing temporary directory /var/folders/jp/0dzrwv_d0djg_3_d3wln0s6r6r1qz3/T/ptx-hofqmzkd
INFO    : Removing temporary directory /var/folders/jp/0dzrwv_d0djg_3_d3wln0s6r6r1qz3/T/ptx-aga6sfk_
INFO    : Removing temporary directory /var/folders/jp/0dzrwv_d0djg_3_d3wln0s6r6r1qz3/T/ptx-gpo26pkz
INFO    : 
Finished build for target print. The output is in /Users/ekim/Documents/git-local/algebra-book/output/print.

INFO    : 
Success!  Built requested target(s) without errors.

INFO    : 
